[1m[40m[37mrunning dacapo benchmark: [1m[40m[32mluindex(B[m
Bloxbatch-Options: 
[1m[40m[37mMain-Class: [1m[40m[32mdacapo.luindex.Main(B[m
[1m[40m[37mApplication-Classes: [1m[40m[32mGcCallback:Harness:MMTkCallback:MMTkHarness:MyCallback:dacapo.**:org.**(B[m
generating facts (jars/dacapo/luindex.jar jars/dacapo/luindex-deps.jar) in /home/donghoon/Data-Driven-Doop/doop/cache/input-facts/jre1.6/a53d88b330b05c072407f5e404e40e7895f1bf4d9dbd53a6506f6c507e33646f/ ...
elapsed time: 26.66s
creating database in /home/donghoon/Data-Driven-Doop/doop/cache/input-database/jre1.6/a53d88b330b05c072407f5e404e40e7895f1bf4d9dbd53a6506f6c507e33646f/ ...
elapsed time: 0.73s
loading fact declarations ...
elapsed time: 1.10s
loading facts ...
elapsed time: 5.39s
setting main class to dacapo.luindex.Main
loading context-insensitive declarations ...
elapsed time: 1.37s
loading context-insensitive delta rules ...
elapsed time: 1.86s
loading reflection delta rules ...
elapsed time: 2.38s
loading client delta rules ...
elapsed time: 0.84s
loading auxiliary delta rules ...
elapsed time: 0.84s
loading context-insensitive rules ...
[1m[40m[33mPointer analysis START(B[m
[1m[40m[37manalysis time: [1m[40m[32m15.94s(B[m
[1m[40m[33mPointer analysis FINISH(B[m
disk footprint (KB)                                                              202,752
loading statistics (simple) ...
elapsed time: 2.23s
[1m[40m[37mmaking database available at [1m[40m[32m/home/donghoon/Data-Driven-Doop/doop/results/context-insensitive/jre1.6/luindex.jar(B[m
[1m[40m[37mmaking database available at [1m[40m[32mlast-analysis(B[m
[1m[40m[33m#may-fail casts          (B[m[1m[40m[32m 734(B[m
[1m[40m[33m#poly calls              (B[m[1m[40m[32m 940(B[m
[1m[40m[33m#reach methods           (B[m[1m[40m[32m 6,670(B[m
[1m[40m[33m#call edges              (B[m[1m[40m[32m 33,130(B[m

disk footprint (with stats) (KB)                                                 212,992
