edu.umd.cs.findbugs.classfile.ReflectionDatabaseFactory.createUsingConstructor/java.lang.reflect.Constructor.newInstance/0	<edu.umd.cs.findbugs.ba.CheckReturnAnnotationDatabase: void <init>()>
edu.umd.cs.findbugs.classfile.ReflectionDatabaseFactory.createUsingConstructor/java.lang.reflect.Constructor.newInstance/0	<edu.umd.cs.findbugs.ba.JCIPAnnotationDatabase: void <init>()>
edu.umd.cs.findbugs.classfile.ReflectionDatabaseFactory.createUsingConstructor/java.lang.reflect.Constructor.newInstance/0	<edu.umd.cs.findbugs.ba.NullnessAnnotationDatabase: void <init>()>
edu.umd.cs.findbugs.classfile.ReflectionDatabaseFactory.createUsingConstructor/java.lang.reflect.Constructor.newInstance/0	<edu.umd.cs.findbugs.ba.SourceInfoMap: void <init>()>
edu.umd.cs.findbugs.classfile.ReflectionDatabaseFactory.createUsingConstructor/java.lang.reflect.Constructor.newInstance/0	<edu.umd.cs.findbugs.ba.ch.Subtypes: void <init>()>
edu.umd.cs.findbugs.classfile.ReflectionDatabaseFactory.createUsingConstructor/java.lang.reflect.Constructor.newInstance/0	<edu.umd.cs.findbugs.ba.npe.ParameterNullnessPropertyDatabase: void <init>()>
edu.umd.cs.findbugs.classfile.ReflectionDatabaseFactory.createUsingConstructor/java.lang.reflect.Constructor.newInstance/0	<edu.umd.cs.findbugs.ba.npe.ReturnValueNullnessPropertyDatabase: void <init>()>
edu.umd.cs.findbugs.classfile.ReflectionDatabaseFactory.createUsingConstructor/java.lang.reflect.Constructor.newInstance/0	<edu.umd.cs.findbugs.ba.type.FieldStoreTypeDatabase: void <init>()>
edu.umd.cs.findbugs.DetectorFactory$ReflectionDetectorCreator.createDetector/java.lang.reflect.Constructor.newInstance/0	<edu.umd.cs.findbugs.detect.BadResultSetAccess: void <init>(edu.umd.cs.findbugs.BugReporter)>
edu.umd.cs.findbugs.DetectorFactory$ReflectionDetectorCreator.createDetector/java.lang.reflect.Constructor.newInstance/0	<edu.umd.cs.findbugs.detect.BadSyntaxForRegularExpression: void <init>(edu.umd.cs.findbugs.BugReporter)>
edu.umd.cs.findbugs.DetectorFactory$ReflectionDetectorCreator.createDetector/java.lang.reflect.Constructor.newInstance/0	<edu.umd.cs.findbugs.detect.BadUseOfReturnValue: void <init>(edu.umd.cs.findbugs.BugReporter)>
edu.umd.cs.findbugs.DetectorFactory$ReflectionDetectorCreator.createDetector/java.lang.reflect.Constructor.newInstance/0	<edu.umd.cs.findbugs.detect.BadlyOverriddenAdapter: void <init>(edu.umd.cs.findbugs.BugReporter)>
edu.umd.cs.findbugs.DetectorFactory$ReflectionDetectorCreator.createDetector/java.lang.reflect.Constructor.newInstance/0	<edu.umd.cs.findbugs.detect.CalledMethods: void <init>(edu.umd.cs.findbugs.BugReporter)>
edu.umd.cs.findbugs.DetectorFactory$ReflectionDetectorCreator.createDetector/java.lang.reflect.Constructor.newInstance/0	<edu.umd.cs.findbugs.detect.CheckImmutableAnnotation: void <init>(edu.umd.cs.findbugs.BugReporter)>
edu.umd.cs.findbugs.DetectorFactory$ReflectionDetectorCreator.createDetector/java.lang.reflect.Constructor.newInstance/0	<edu.umd.cs.findbugs.detect.CloneIdiom: void <init>(edu.umd.cs.findbugs.BugReporter)>
edu.umd.cs.findbugs.DetectorFactory$ReflectionDetectorCreator.createDetector/java.lang.reflect.Constructor.newInstance/0	<edu.umd.cs.findbugs.detect.ComparatorIdiom: void <init>(edu.umd.cs.findbugs.BugReporter)>
edu.umd.cs.findbugs.DetectorFactory$ReflectionDetectorCreator.createDetector/java.lang.reflect.Constructor.newInstance/0	<edu.umd.cs.findbugs.detect.ConfusedInheritance: void <init>(edu.umd.cs.findbugs.BugReporter)>
edu.umd.cs.findbugs.DetectorFactory$ReflectionDetectorCreator.createDetector/java.lang.reflect.Constructor.newInstance/0	<edu.umd.cs.findbugs.detect.ConfusionBetweenInheritedAndOuterMethod: void <init>(edu.umd.cs.findbugs.BugReporter)>
edu.umd.cs.findbugs.DetectorFactory$ReflectionDetectorCreator.createDetector/java.lang.reflect.Constructor.newInstance/0	<edu.umd.cs.findbugs.detect.DoInsideDoPrivileged: void <init>(edu.umd.cs.findbugs.BugReporter)>
edu.umd.cs.findbugs.DetectorFactory$ReflectionDetectorCreator.createDetector/java.lang.reflect.Constructor.newInstance/0	<edu.umd.cs.findbugs.detect.DontCatchIllegalMonitorStateException: void <init>(edu.umd.cs.findbugs.BugReporter)>
edu.umd.cs.findbugs.DetectorFactory$ReflectionDetectorCreator.createDetector/java.lang.reflect.Constructor.newInstance/0	<edu.umd.cs.findbugs.detect.DontUseEnum: void <init>(edu.umd.cs.findbugs.BugReporter)>
edu.umd.cs.findbugs.DetectorFactory$ReflectionDetectorCreator.createDetector/java.lang.reflect.Constructor.newInstance/0	<edu.umd.cs.findbugs.detect.DroppedException: void <init>(edu.umd.cs.findbugs.BugReporter)>
edu.umd.cs.findbugs.DetectorFactory$ReflectionDetectorCreator.createDetector/java.lang.reflect.Constructor.newInstance/0	<edu.umd.cs.findbugs.detect.DumbMethodInvocations: void <init>(edu.umd.cs.findbugs.BugReporter)>
edu.umd.cs.findbugs.DetectorFactory$ReflectionDetectorCreator.createDetector/java.lang.reflect.Constructor.newInstance/0	<edu.umd.cs.findbugs.detect.DumbMethods: void <init>(edu.umd.cs.findbugs.BugReporter)>
edu.umd.cs.findbugs.DetectorFactory$ReflectionDetectorCreator.createDetector/java.lang.reflect.Constructor.newInstance/0	<edu.umd.cs.findbugs.detect.DuplicateBranches: void <init>(edu.umd.cs.findbugs.BugReporter)>
edu.umd.cs.findbugs.DetectorFactory$ReflectionDetectorCreator.createDetector/java.lang.reflect.Constructor.newInstance/0	<edu.umd.cs.findbugs.detect.EmptyZipFileEntry: void <init>(edu.umd.cs.findbugs.BugReporter)>
edu.umd.cs.findbugs.DetectorFactory$ReflectionDetectorCreator.createDetector/java.lang.reflect.Constructor.newInstance/0	<edu.umd.cs.findbugs.detect.FinalizerNullsFields: void <init>(edu.umd.cs.findbugs.BugReporter)>
edu.umd.cs.findbugs.DetectorFactory$ReflectionDetectorCreator.createDetector/java.lang.reflect.Constructor.newInstance/0	<edu.umd.cs.findbugs.detect.FindBadCast2: void <init>(edu.umd.cs.findbugs.BugReporter)>
edu.umd.cs.findbugs.DetectorFactory$ReflectionDetectorCreator.createDetector/java.lang.reflect.Constructor.newInstance/0	<edu.umd.cs.findbugs.detect.FindBadForLoop: void <init>(edu.umd.cs.findbugs.BugReporter)>
edu.umd.cs.findbugs.DetectorFactory$ReflectionDetectorCreator.createDetector/java.lang.reflect.Constructor.newInstance/0	<edu.umd.cs.findbugs.detect.FindBugsSummaryStats: void <init>(edu.umd.cs.findbugs.BugReporter)>
edu.umd.cs.findbugs.DetectorFactory$ReflectionDetectorCreator.createDetector/java.lang.reflect.Constructor.newInstance/0	<edu.umd.cs.findbugs.detect.FindDeadLocalStores: void <init>(edu.umd.cs.findbugs.BugReporter)>
edu.umd.cs.findbugs.DetectorFactory$ReflectionDetectorCreator.createDetector/java.lang.reflect.Constructor.newInstance/0	<edu.umd.cs.findbugs.detect.FindDoubleCheck: void <init>(edu.umd.cs.findbugs.BugReporter)>
edu.umd.cs.findbugs.DetectorFactory$ReflectionDetectorCreator.createDetector/java.lang.reflect.Constructor.newInstance/0	<edu.umd.cs.findbugs.detect.FindEmptySynchronizedBlock: void <init>(edu.umd.cs.findbugs.BugReporter)>
edu.umd.cs.findbugs.DetectorFactory$ReflectionDetectorCreator.createDetector/java.lang.reflect.Constructor.newInstance/0	<edu.umd.cs.findbugs.detect.FindFieldSelfAssignment: void <init>(edu.umd.cs.findbugs.BugReporter)>
edu.umd.cs.findbugs.DetectorFactory$ReflectionDetectorCreator.createDetector/java.lang.reflect.Constructor.newInstance/0	<edu.umd.cs.findbugs.detect.FindFinalizeInvocations: void <init>(edu.umd.cs.findbugs.BugReporter)>
edu.umd.cs.findbugs.DetectorFactory$ReflectionDetectorCreator.createDetector/java.lang.reflect.Constructor.newInstance/0	<edu.umd.cs.findbugs.detect.FindFloatEquality: void <init>(edu.umd.cs.findbugs.BugReporter)>
edu.umd.cs.findbugs.DetectorFactory$ReflectionDetectorCreator.createDetector/java.lang.reflect.Constructor.newInstance/0	<edu.umd.cs.findbugs.detect.FindHEmismatch: void <init>(edu.umd.cs.findbugs.BugReporter)>
edu.umd.cs.findbugs.DetectorFactory$ReflectionDetectorCreator.createDetector/java.lang.reflect.Constructor.newInstance/0	<edu.umd.cs.findbugs.detect.FindInconsistentSync2: void <init>(edu.umd.cs.findbugs.BugReporter)>
edu.umd.cs.findbugs.DetectorFactory$ReflectionDetectorCreator.createDetector/java.lang.reflect.Constructor.newInstance/0	<edu.umd.cs.findbugs.detect.FindJSR166LockMonitorenter: void <init>(edu.umd.cs.findbugs.BugReporter)>
edu.umd.cs.findbugs.DetectorFactory$ReflectionDetectorCreator.createDetector/java.lang.reflect.Constructor.newInstance/0	<edu.umd.cs.findbugs.detect.FindLocalSelfAssignment2: void <init>(edu.umd.cs.findbugs.BugReporter)>
edu.umd.cs.findbugs.DetectorFactory$ReflectionDetectorCreator.createDetector/java.lang.reflect.Constructor.newInstance/0	<edu.umd.cs.findbugs.detect.FindMaskedFields: void <init>(edu.umd.cs.findbugs.BugReporter)>
edu.umd.cs.findbugs.DetectorFactory$ReflectionDetectorCreator.createDetector/java.lang.reflect.Constructor.newInstance/0	<edu.umd.cs.findbugs.detect.FindMismatchedWaitOrNotify: void <init>(edu.umd.cs.findbugs.BugReporter)>
edu.umd.cs.findbugs.DetectorFactory$ReflectionDetectorCreator.createDetector/java.lang.reflect.Constructor.newInstance/0	<edu.umd.cs.findbugs.detect.FindNakedNotify: void <init>(edu.umd.cs.findbugs.BugReporter)>
edu.umd.cs.findbugs.DetectorFactory$ReflectionDetectorCreator.createDetector/java.lang.reflect.Constructor.newInstance/0	<edu.umd.cs.findbugs.detect.FindNonSerializableStoreIntoSession: void <init>(edu.umd.cs.findbugs.BugReporter)>
edu.umd.cs.findbugs.DetectorFactory$ReflectionDetectorCreator.createDetector/java.lang.reflect.Constructor.newInstance/0	<edu.umd.cs.findbugs.detect.FindNonSerializableValuePassedToWriteObject: void <init>(edu.umd.cs.findbugs.BugReporter)>
edu.umd.cs.findbugs.DetectorFactory$ReflectionDetectorCreator.createDetector/java.lang.reflect.Constructor.newInstance/0	<edu.umd.cs.findbugs.detect.FindNonShortCircuit: void <init>(edu.umd.cs.findbugs.BugReporter)>
edu.umd.cs.findbugs.DetectorFactory$ReflectionDetectorCreator.createDetector/java.lang.reflect.Constructor.newInstance/0	<edu.umd.cs.findbugs.detect.FindNullDeref: void <init>(edu.umd.cs.findbugs.BugReporter)>
edu.umd.cs.findbugs.DetectorFactory$ReflectionDetectorCreator.createDetector/java.lang.reflect.Constructor.newInstance/0	<edu.umd.cs.findbugs.detect.FindOpenStream: void <init>(edu.umd.cs.findbugs.BugReporter)>
edu.umd.cs.findbugs.DetectorFactory$ReflectionDetectorCreator.createDetector/java.lang.reflect.Constructor.newInstance/0	<edu.umd.cs.findbugs.detect.FindPuzzlers: void <init>(edu.umd.cs.findbugs.BugReporter)>
edu.umd.cs.findbugs.DetectorFactory$ReflectionDetectorCreator.createDetector/java.lang.reflect.Constructor.newInstance/0	<edu.umd.cs.findbugs.detect.FindRefComparison: void <init>(edu.umd.cs.findbugs.BugReporter)>
edu.umd.cs.findbugs.DetectorFactory$ReflectionDetectorCreator.createDetector/java.lang.reflect.Constructor.newInstance/0	<edu.umd.cs.findbugs.detect.FindReturnRef: void <init>(edu.umd.cs.findbugs.BugReporter)>
edu.umd.cs.findbugs.DetectorFactory$ReflectionDetectorCreator.createDetector/java.lang.reflect.Constructor.newInstance/0	<edu.umd.cs.findbugs.detect.FindRunInvocations: void <init>(edu.umd.cs.findbugs.BugReporter)>
edu.umd.cs.findbugs.DetectorFactory$ReflectionDetectorCreator.createDetector/java.lang.reflect.Constructor.newInstance/0	<edu.umd.cs.findbugs.detect.FindSelfComparison2: void <init>(edu.umd.cs.findbugs.BugReporter)>
edu.umd.cs.findbugs.DetectorFactory$ReflectionDetectorCreator.createDetector/java.lang.reflect.Constructor.newInstance/0	<edu.umd.cs.findbugs.detect.FindSelfComparison: void <init>(edu.umd.cs.findbugs.BugReporter)>
edu.umd.cs.findbugs.DetectorFactory$ReflectionDetectorCreator.createDetector/java.lang.reflect.Constructor.newInstance/0	<edu.umd.cs.findbugs.detect.FindSleepWithLockHeld: void <init>(edu.umd.cs.findbugs.BugReporter)>
edu.umd.cs.findbugs.DetectorFactory$ReflectionDetectorCreator.createDetector/java.lang.reflect.Constructor.newInstance/0	<edu.umd.cs.findbugs.detect.FindSpinLoop: void <init>(edu.umd.cs.findbugs.BugReporter)>
edu.umd.cs.findbugs.DetectorFactory$ReflectionDetectorCreator.createDetector/java.lang.reflect.Constructor.newInstance/0	<edu.umd.cs.findbugs.detect.FindSqlInjection: void <init>(edu.umd.cs.findbugs.BugReporter)>
edu.umd.cs.findbugs.DetectorFactory$ReflectionDetectorCreator.createDetector/java.lang.reflect.Constructor.newInstance/0	<edu.umd.cs.findbugs.detect.FindTwoLockWait: void <init>(edu.umd.cs.findbugs.BugReporter)>
edu.umd.cs.findbugs.DetectorFactory$ReflectionDetectorCreator.createDetector/java.lang.reflect.Constructor.newInstance/0	<edu.umd.cs.findbugs.detect.FindUncalledPrivateMethods: void <init>(edu.umd.cs.findbugs.BugReporter)>
edu.umd.cs.findbugs.DetectorFactory$ReflectionDetectorCreator.createDetector/java.lang.reflect.Constructor.newInstance/0	<edu.umd.cs.findbugs.detect.FindUnconditionalWait: void <init>(edu.umd.cs.findbugs.BugReporter)>
edu.umd.cs.findbugs.DetectorFactory$ReflectionDetectorCreator.createDetector/java.lang.reflect.Constructor.newInstance/0	<edu.umd.cs.findbugs.detect.FindUninitializedGet: void <init>(edu.umd.cs.findbugs.BugReporter)>
edu.umd.cs.findbugs.DetectorFactory$ReflectionDetectorCreator.createDetector/java.lang.reflect.Constructor.newInstance/0	<edu.umd.cs.findbugs.detect.FindUnrelatedTypesInGenericContainer: void <init>(edu.umd.cs.findbugs.BugReporter)>
edu.umd.cs.findbugs.DetectorFactory$ReflectionDetectorCreator.createDetector/java.lang.reflect.Constructor.newInstance/0	<edu.umd.cs.findbugs.detect.FindUnreleasedLock: void <init>(edu.umd.cs.findbugs.BugReporter)>
edu.umd.cs.findbugs.DetectorFactory$ReflectionDetectorCreator.createDetector/java.lang.reflect.Constructor.newInstance/0	<edu.umd.cs.findbugs.detect.FindUnsyncGet: void <init>(edu.umd.cs.findbugs.BugReporter)>
edu.umd.cs.findbugs.DetectorFactory$ReflectionDetectorCreator.createDetector/java.lang.reflect.Constructor.newInstance/0	<edu.umd.cs.findbugs.detect.FindUselessControlFlow: void <init>(edu.umd.cs.findbugs.BugReporter)>
edu.umd.cs.findbugs.DetectorFactory$ReflectionDetectorCreator.createDetector/java.lang.reflect.Constructor.newInstance/0	<edu.umd.cs.findbugs.detect.HugeSharedStringConstants: void <init>(edu.umd.cs.findbugs.BugReporter)>
edu.umd.cs.findbugs.DetectorFactory$ReflectionDetectorCreator.createDetector/java.lang.reflect.Constructor.newInstance/0	<edu.umd.cs.findbugs.detect.IDivResultCastToDouble: void <init>(edu.umd.cs.findbugs.BugReporter)>
edu.umd.cs.findbugs.DetectorFactory$ReflectionDetectorCreator.createDetector/java.lang.reflect.Constructor.newInstance/0	<edu.umd.cs.findbugs.detect.IncompatMask: void <init>(edu.umd.cs.findbugs.BugReporter)>
edu.umd.cs.findbugs.DetectorFactory$ReflectionDetectorCreator.createDetector/java.lang.reflect.Constructor.newInstance/0	<edu.umd.cs.findbugs.detect.InefficientToArray: void <init>(edu.umd.cs.findbugs.BugReporter)>
edu.umd.cs.findbugs.DetectorFactory$ReflectionDetectorCreator.createDetector/java.lang.reflect.Constructor.newInstance/0	<edu.umd.cs.findbugs.detect.InfiniteLoop: void <init>(edu.umd.cs.findbugs.BugReporter)>
edu.umd.cs.findbugs.DetectorFactory$ReflectionDetectorCreator.createDetector/java.lang.reflect.Constructor.newInstance/0	<edu.umd.cs.findbugs.detect.InfiniteRecursiveLoop: void <init>(edu.umd.cs.findbugs.BugReporter)>
edu.umd.cs.findbugs.DetectorFactory$ReflectionDetectorCreator.createDetector/java.lang.reflect.Constructor.newInstance/0	<edu.umd.cs.findbugs.detect.InheritanceUnsafeGetResource: void <init>(edu.umd.cs.findbugs.BugReporter)>
edu.umd.cs.findbugs.DetectorFactory$ReflectionDetectorCreator.createDetector/java.lang.reflect.Constructor.newInstance/0	<edu.umd.cs.findbugs.detect.InitializationChain: void <init>(edu.umd.cs.findbugs.BugReporter)>
edu.umd.cs.findbugs.DetectorFactory$ReflectionDetectorCreator.createDetector/java.lang.reflect.Constructor.newInstance/0	<edu.umd.cs.findbugs.detect.InstantiateStaticClass: void <init>(edu.umd.cs.findbugs.BugReporter)>
edu.umd.cs.findbugs.DetectorFactory$ReflectionDetectorCreator.createDetector/java.lang.reflect.Constructor.newInstance/0	<edu.umd.cs.findbugs.detect.InvalidJUnitTest: void <init>(edu.umd.cs.findbugs.BugReporter)>
edu.umd.cs.findbugs.DetectorFactory$ReflectionDetectorCreator.createDetector/java.lang.reflect.Constructor.newInstance/0	<edu.umd.cs.findbugs.detect.IteratorIdioms: void <init>(edu.umd.cs.findbugs.BugReporter)>
edu.umd.cs.findbugs.DetectorFactory$ReflectionDetectorCreator.createDetector/java.lang.reflect.Constructor.newInstance/0	<edu.umd.cs.findbugs.detect.LazyInit: void <init>(edu.umd.cs.findbugs.BugReporter)>
edu.umd.cs.findbugs.DetectorFactory$ReflectionDetectorCreator.createDetector/java.lang.reflect.Constructor.newInstance/0	<edu.umd.cs.findbugs.detect.LoadOfKnownNullValue: void <init>(edu.umd.cs.findbugs.BugReporter)>
edu.umd.cs.findbugs.DetectorFactory$ReflectionDetectorCreator.createDetector/java.lang.reflect.Constructor.newInstance/0	<edu.umd.cs.findbugs.detect.MethodReturnCheck: void <init>(edu.umd.cs.findbugs.BugReporter)>
edu.umd.cs.findbugs.DetectorFactory$ReflectionDetectorCreator.createDetector/java.lang.reflect.Constructor.newInstance/0	<edu.umd.cs.findbugs.detect.Methods: void <init>(edu.umd.cs.findbugs.BugReporter)>
edu.umd.cs.findbugs.DetectorFactory$ReflectionDetectorCreator.createDetector/java.lang.reflect.Constructor.newInstance/0	<edu.umd.cs.findbugs.detect.MultithreadedInstanceAccess: void <init>(edu.umd.cs.findbugs.BugReporter)>
edu.umd.cs.findbugs.DetectorFactory$ReflectionDetectorCreator.createDetector/java.lang.reflect.Constructor.newInstance/0	<edu.umd.cs.findbugs.detect.MutableLock: void <init>(edu.umd.cs.findbugs.BugReporter)>
edu.umd.cs.findbugs.DetectorFactory$ReflectionDetectorCreator.createDetector/java.lang.reflect.Constructor.newInstance/0	<edu.umd.cs.findbugs.detect.MutableStaticFields: void <init>(edu.umd.cs.findbugs.BugReporter)>
edu.umd.cs.findbugs.DetectorFactory$ReflectionDetectorCreator.createDetector/java.lang.reflect.Constructor.newInstance/0	<edu.umd.cs.findbugs.detect.Naming: void <init>(edu.umd.cs.findbugs.BugReporter)>
edu.umd.cs.findbugs.DetectorFactory$ReflectionDetectorCreator.createDetector/java.lang.reflect.Constructor.newInstance/0	<edu.umd.cs.findbugs.detect.NoteAnnotationRetention: void <init>(edu.umd.cs.findbugs.BugReporter)>
edu.umd.cs.findbugs.DetectorFactory$ReflectionDetectorCreator.createDetector/java.lang.reflect.Constructor.newInstance/0	<edu.umd.cs.findbugs.detect.NoteCheckReturnValue: void <init>(edu.umd.cs.findbugs.BugReporter)>
edu.umd.cs.findbugs.DetectorFactory$ReflectionDetectorCreator.createDetector/java.lang.reflect.Constructor.newInstance/0	<edu.umd.cs.findbugs.detect.NoteCheckReturnValueAnnotations: void <init>(edu.umd.cs.findbugs.BugReporter)>
edu.umd.cs.findbugs.DetectorFactory$ReflectionDetectorCreator.createDetector/java.lang.reflect.Constructor.newInstance/0	<edu.umd.cs.findbugs.detect.NoteJCIPAnnotation: void <init>(edu.umd.cs.findbugs.BugReporter)>
edu.umd.cs.findbugs.DetectorFactory$ReflectionDetectorCreator.createDetector/java.lang.reflect.Constructor.newInstance/0	<edu.umd.cs.findbugs.detect.NoteNonNullAnnotations: void <init>(edu.umd.cs.findbugs.BugReporter)>
edu.umd.cs.findbugs.DetectorFactory$ReflectionDetectorCreator.createDetector/java.lang.reflect.Constructor.newInstance/0	<edu.umd.cs.findbugs.detect.NoteNonnullReturnValues: void <init>(edu.umd.cs.findbugs.BugReporter)>
edu.umd.cs.findbugs.DetectorFactory$ReflectionDetectorCreator.createDetector/java.lang.reflect.Constructor.newInstance/0	<edu.umd.cs.findbugs.detect.NoteSuppressedWarnings: void <init>(edu.umd.cs.findbugs.BugReporter)>
edu.umd.cs.findbugs.DetectorFactory$ReflectionDetectorCreator.createDetector/java.lang.reflect.Constructor.newInstance/0	<edu.umd.cs.findbugs.detect.NoteUnconditionalParamDerefs: void <init>(edu.umd.cs.findbugs.BugReporter)>
edu.umd.cs.findbugs.DetectorFactory$ReflectionDetectorCreator.createDetector/java.lang.reflect.Constructor.newInstance/0	<edu.umd.cs.findbugs.detect.NumberConstructor: void <init>(edu.umd.cs.findbugs.BugReporter)>
edu.umd.cs.findbugs.DetectorFactory$ReflectionDetectorCreator.createDetector/java.lang.reflect.Constructor.newInstance/0	<edu.umd.cs.findbugs.detect.PreferZeroLengthArrays: void <init>(edu.umd.cs.findbugs.BugReporter)>
edu.umd.cs.findbugs.DetectorFactory$ReflectionDetectorCreator.createDetector/java.lang.reflect.Constructor.newInstance/0	<edu.umd.cs.findbugs.detect.QuestionableBooleanAssignment: void <init>(edu.umd.cs.findbugs.BugReporter)>
edu.umd.cs.findbugs.DetectorFactory$ReflectionDetectorCreator.createDetector/java.lang.reflect.Constructor.newInstance/0	<edu.umd.cs.findbugs.detect.ReadReturnShouldBeChecked: void <init>(edu.umd.cs.findbugs.BugReporter)>
edu.umd.cs.findbugs.DetectorFactory$ReflectionDetectorCreator.createDetector/java.lang.reflect.Constructor.newInstance/0	<edu.umd.cs.findbugs.detect.RedundantInterfaces: void <init>(edu.umd.cs.findbugs.BugReporter)>
edu.umd.cs.findbugs.DetectorFactory$ReflectionDetectorCreator.createDetector/java.lang.reflect.Constructor.newInstance/0	<edu.umd.cs.findbugs.detect.RuntimeExceptionCapture: void <init>(edu.umd.cs.findbugs.BugReporter)>
edu.umd.cs.findbugs.DetectorFactory$ReflectionDetectorCreator.createDetector/java.lang.reflect.Constructor.newInstance/0	<edu.umd.cs.findbugs.detect.SerializableIdiom: void <init>(edu.umd.cs.findbugs.BugReporter)>
edu.umd.cs.findbugs.DetectorFactory$ReflectionDetectorCreator.createDetector/java.lang.reflect.Constructor.newInstance/0	<edu.umd.cs.findbugs.detect.StartInConstructor: void <init>(edu.umd.cs.findbugs.BugReporter)>
edu.umd.cs.findbugs.DetectorFactory$ReflectionDetectorCreator.createDetector/java.lang.reflect.Constructor.newInstance/0	<edu.umd.cs.findbugs.detect.StaticCalendarDetector: void <init>(edu.umd.cs.findbugs.BugReporter)>
edu.umd.cs.findbugs.DetectorFactory$ReflectionDetectorCreator.createDetector/java.lang.reflect.Constructor.newInstance/0	<edu.umd.cs.findbugs.detect.StringConcatenation: void <init>(edu.umd.cs.findbugs.BugReporter)>
edu.umd.cs.findbugs.DetectorFactory$ReflectionDetectorCreator.createDetector/java.lang.reflect.Constructor.newInstance/0	<edu.umd.cs.findbugs.detect.SuperfluousInstanceOf: void <init>(edu.umd.cs.findbugs.BugReporter)>
edu.umd.cs.findbugs.DetectorFactory$ReflectionDetectorCreator.createDetector/java.lang.reflect.Constructor.newInstance/0	<edu.umd.cs.findbugs.detect.SuspiciousThreadInterrupted: void <init>(edu.umd.cs.findbugs.BugReporter)>
edu.umd.cs.findbugs.DetectorFactory$ReflectionDetectorCreator.createDetector/java.lang.reflect.Constructor.newInstance/0	<edu.umd.cs.findbugs.detect.SwitchFallthrough: void <init>(edu.umd.cs.findbugs.BugReporter)>
edu.umd.cs.findbugs.DetectorFactory$ReflectionDetectorCreator.createDetector/java.lang.reflect.Constructor.newInstance/0	<edu.umd.cs.findbugs.detect.SynchronizeAndNullCheckField: void <init>(edu.umd.cs.findbugs.BugReporter)>
edu.umd.cs.findbugs.DetectorFactory$ReflectionDetectorCreator.createDetector/java.lang.reflect.Constructor.newInstance/0	<edu.umd.cs.findbugs.detect.URLProblems: void <init>(edu.umd.cs.findbugs.BugReporter)>
edu.umd.cs.findbugs.DetectorFactory$ReflectionDetectorCreator.createDetector/java.lang.reflect.Constructor.newInstance/0	<edu.umd.cs.findbugs.detect.UncallableMethodOfAnonymousClass: void <init>(edu.umd.cs.findbugs.BugReporter)>
edu.umd.cs.findbugs.DetectorFactory$ReflectionDetectorCreator.createDetector/java.lang.reflect.Constructor.newInstance/0	<edu.umd.cs.findbugs.detect.UnnecessaryMath: void <init>(edu.umd.cs.findbugs.BugReporter)>
edu.umd.cs.findbugs.DetectorFactory$ReflectionDetectorCreator.createDetector/java.lang.reflect.Constructor.newInstance/0	<edu.umd.cs.findbugs.detect.UnreadFields: void <init>(edu.umd.cs.findbugs.BugReporter)>
edu.umd.cs.findbugs.DetectorFactory$ReflectionDetectorCreator.createDetector/java.lang.reflect.Constructor.newInstance/0	<edu.umd.cs.findbugs.detect.VarArgsProblems: void <init>(edu.umd.cs.findbugs.BugReporter)>
edu.umd.cs.findbugs.DetectorFactory$ReflectionDetectorCreator.createDetector/java.lang.reflect.Constructor.newInstance/0	<edu.umd.cs.findbugs.detect.VolatileUsage: void <init>(edu.umd.cs.findbugs.BugReporter)>
edu.umd.cs.findbugs.DetectorFactory$ReflectionDetectorCreator.createDetector/java.lang.reflect.Constructor.newInstance/0	<edu.umd.cs.findbugs.detect.WaitInLoop: void <init>(edu.umd.cs.findbugs.BugReporter)>
edu.umd.cs.findbugs.DetectorFactory$ReflectionDetectorCreator.createDetector/java.lang.reflect.Constructor.newInstance/0	<edu.umd.cs.findbugs.detect.WrongMapIterator: void <init>(edu.umd.cs.findbugs.BugReporter)>
edu.umd.cs.findbugs.DetectorFactory$ReflectionDetectorCreator.createDetector/java.lang.reflect.Constructor.newInstance/0	<edu.umd.cs.findbugs.detect.XMLFactoryBypass: void <init>(edu.umd.cs.findbugs.BugReporter)>
